# JRE version: Java(TM) SE Runtime Environment (21.0.4+8) (build 21.0.4+8-LTS-274)
# Java VM: Java HotSpot(TM) 64-Bit Server VM (21.0.4+8-LTS-274, mixed mode, sharing, tiered, compressed oops, compressed class ptrs, g1 gc, windows-amd64)
GC Precious Log:
 CardTable entry size: 512
 Card Set container configuration: InlinePtr #cards 5 size 8 Array Of Cards #cards 12 size 40 Howl #buckets 4 coarsen threshold 1843 Howl Bitmap #cards 512 size 80 coarsen threshold 460 Card regions per heap region 1 cards per card region 2048
 CPUs: 4 total, 4 available
 Memory: 7965M
 Large Page Support: Disabled
 NUMA Support: Disabled
 Compressed Oops: Enabled (32-bit)
 Heap Region Size: 1M
 Heap Min Capacity: 8M
 Heap Initial Capacity: 126M
 Heap Max Capacity: 1992M
 Pre-touch: Disabled
 Parallel Workers: 4
 Concurrent Workers: 1
 Concurrent Refinement Workers: 4
 Periodic GC: Disabled
Heap:
 garbage-first heap   total 40960K, used 23499K [0x0000000083800000, 0x0000000100000000)
  region size 1024K, 4 young (4096K), 2 survivors (2048K)
 Metaspace       used 43364K, committed 43968K, reserved 1114112K
  class space    used 5255K, committed 5504K, reserved 1048576K
GC Heap History (20 events):
Event: 0.804 GC heap before
{Heap before GC invocations=0 (full 0):
 garbage-first heap   total 129024K, used 13312K [0x0000000083800000, 0x0000000100000000)
  region size 1024K, 13 young (13312K), 0 survivors (0K)
 Metaspace       used 5710K, committed 5952K, reserved 1114112K
  class space    used 597K, committed 704K, reserved 1048576K
}
Event: 0.810 GC heap after
{Heap after GC invocations=1 (full 0):
 garbage-first heap   total 129024K, used 4266K [0x0000000083800000, 0x0000000100000000)
  region size 1024K, 2 young (2048K), 2 survivors (2048K)
 Metaspace       used 5710K, committed 5952K, reserved 1114112K
  class space    used 597K, committed 704K, reserved 1048576K
}
Event: 1.514 GC heap before
{Heap before GC invocations=1 (full 0):
 garbage-first heap   total 129024K, used 20650K [0x0000000083800000, 0x0000000100000000)
  region size 1024K, 18 young (18432K), 2 survivors (2048K)
 Metaspace       used 10827K, committed 11136K, reserved 1114112K
  class space    used 1251K, committed 1408K, reserved 1048576K
}
Event: 1.520 GC heap after
{Heap after GC invocations=2 (full 0):
 garbage-first heap   total 129024K, used 6201K [0x0000000083800000, 0x0000000100000000)
  region size 1024K, 2 young (2048K), 2 survivors (2048K)
 Metaspace       used 10827K, committed 11136K, reserved 1114112K
  class space    used 1251K, committed 1408K, reserved 1048576K
}
Event: 2.915 GC heap before
{Heap before GC invocations=2 (full 0):
 garbage-first heap   total 129024K, used 51257K [0x0000000083800000, 0x0000000100000000)
  region size 1024K, 48 young (49152K), 2 survivors (2048K)
 Metaspace       used 21199K, committed 21504K, reserved 1114112K
  class space    used 2535K, committed 2688K, reserved 1048576K
}
Event: 2.926 GC heap after
{Heap after GC invocations=3 (full 0):
 garbage-first heap   total 129024K, used 10435K [0x0000000083800000, 0x0000000100000000)
  region size 1024K, 6 young (6144K), 6 survivors (6144K)
 Metaspace       used 21199K, committed 21504K, reserved 1114112K
  class space    used 2535K, committed 2688K, reserved 1048576K
}
Event: 3.649 GC heap before
{Heap before GC invocations=4 (full 0):
 garbage-first heap   total 40960K, used 28867K [0x0000000083800000, 0x0000000100000000)
  region size 1024K, 24 young (24576K), 6 survivors (6144K)
 Metaspace       used 23938K, committed 24320K, reserved 1114112K
  class space    used 2905K, committed 3072K, reserved 1048576K
}
Event: 3.664 GC heap after
{Heap after GC invocations=5 (full 0):
 garbage-first heap   total 40960K, used 12054K [0x0000000083800000, 0x0000000100000000)
  region size 1024K, 2 young (2048K), 2 survivors (2048K)
 Metaspace       used 23938K, committed 24320K, reserved 1114112K
  class space    used 2905K, committed 3072K, reserved 1048576K
}
Event: 4.400 GC heap before
{Heap before GC invocations=5 (full 0):
 garbage-first heap   total 40960K, used 30486K [0x0000000083800000, 0x0000000100000000)
  region size 1024K, 20 young (20480K), 2 survivors (2048K)
 Metaspace       used 27728K, committed 28224K, reserved 1114112K
  class space    used 3405K, committed 3648K, reserved 1048576K
}
Event: 4.410 GC heap after
{Heap after GC invocations=6 (full 0):
 garbage-first heap   total 40960K, used 14113K [0x0000000083800000, 0x0000000100000000)
  region size 1024K, 3 young (3072K), 3 survivors (3072K)
 Metaspace       used 27728K, committed 28224K, reserved 1114112K
  class space    used 3405K, committed 3648K, reserved 1048576K
}
Event: 5.122 GC heap before
{Heap before GC invocations=6 (full 0):
 garbage-first heap   total 40960K, used 32545K [0x0000000083800000, 0x0000000100000000)
  region size 1024K, 21 young (21504K), 3 survivors (3072K)
 Metaspace       used 30494K, committed 30976K, reserved 1114112K
  class space    used 3755K, committed 3968K, reserved 1048576K
}
Event: 5.129 GC heap after
{Heap after GC invocations=7 (full 0):
 garbage-first heap   total 40960K, used 16737K [0x0000000083800000, 0x0000000100000000)
  region size 1024K, 3 young (3072K), 3 survivors (3072K)
 Metaspace       used 30494K, committed 30976K, reserved 1114112K
  class space    used 3755K, committed 3968K, reserved 1048576K
}
Event: 5.798 GC heap before
{Heap before GC invocations=7 (full 0):
 garbage-first heap   total 40960K, used 33121K [0x0000000083800000, 0x0000000100000000)
  region size 1024K, 19 young (19456K), 3 survivors (3072K)
 Metaspace       used 33569K, committed 34176K, reserved 1114112K
  class space    used 4162K, committed 4416K, reserved 1048576K
}
Event: 5.805 GC heap after
{Heap after GC invocations=8 (full 0):
 garbage-first heap   total 40960K, used 18789K [0x0000000083800000, 0x0000000100000000)
  region size 1024K, 3 young (3072K), 3 survivors (3072K)
 Metaspace       used 33569K, committed 34176K, reserved 1114112K
  class space    used 4162K, committed 4416K, reserved 1048576K
}
Event: 6.083 GC heap before
{Heap before GC invocations=8 (full 0):
 garbage-first heap   total 40960K, used 23909K [0x0000000083800000, 0x0000000100000000)
  region size 1024K, 10 young (10240K), 3 survivors (3072K)
 Metaspace       used 35431K, committed 35968K, reserved 1114112K
  class space    used 4428K, committed 4672K, reserved 1048576K
}
Event: 6.087 GC heap after
{Heap after GC invocations=9 (full 0):
 garbage-first heap   total 40960K, used 19581K [0x0000000083800000, 0x0000000100000000)
  region size 1024K, 1 young (1024K), 1 survivors (1024K)
 Metaspace       used 35431K, committed 35968K, reserved 1114112K
  class space    used 4428K, committed 4672K, reserved 1048576K
}
Event: 6.978 GC heap before
{Heap before GC invocations=10 (full 0):
 garbage-first heap   total 40960K, used 32893K [0x0000000083800000, 0x0000000100000000)
  region size 1024K, 15 young (15360K), 1 survivors (1024K)
 Metaspace       used 42525K, committed 43072K, reserved 1114112K
  class space    used 5257K, committed 5504K, reserved 1048576K
}
Event: 6.982 GC heap after
{Heap after GC invocations=11 (full 0):
 garbage-first heap   total 40960K, used 21394K [0x0000000083800000, 0x0000000100000000)
  region size 1024K, 2 young (2048K), 2 survivors (2048K)
 Metaspace       used 42525K, committed 43072K, reserved 1114112K
  class space    used 5257K, committed 5504K, reserved 1048576K
}
Event: 7.757 GC heap before
{Heap before GC invocations=11 (full 0):
 garbage-first heap   total 40960K, used 34706K [0x0000000083800000, 0x0000000100000000)
  region size 1024K, 15 young (15360K), 2 survivors (2048K)
 Metaspace       used 43141K, committed 43712K, reserved 1114112K
  class space    used 5263K, committed 5504K, reserved 1048576K
}
Event: 7.762 GC heap after
{Heap after GC invocations=12 (full 0):
 garbage-first heap   total 40960K, used 22172K [0x0000000083800000, 0x0000000100000000)
  region size 1024K, 2 young (2048K), 2 survivors (2048K)
 Metaspace       used 43141K, committed 43712K, reserved 1114112K
  class space    used 5263K, committed 5504K, reserved 1048576K
}

