# JRE version: Java(TM) SE Runtime Environment (21.0.4+8) (build 21.0.4+8-LTS-274)
# Java VM: Java HotSpot(TM) 64-Bit Server VM (21.0.4+8-LTS-274, mixed mode, sharing, tiered, compressed oops, compressed class ptrs, g1 gc, windows-amd64)
GC Precious Log:
 CardTable entry size: 512
 Card Set container configuration: InlinePtr #cards 5 size 8 Array Of Cards #cards 12 size 40 Howl #buckets 4 coarsen threshold 1843 Howl Bitmap #cards 512 size 80 coarsen threshold 460 Card regions per heap region 1 cards per card region 2048
 CPUs: 4 total, 4 available
 Memory: 7965M
 Large Page Support: Disabled
 NUMA Support: Disabled
 Compressed Oops: Enabled (32-bit)
 Heap Region Size: 1M
 Heap Min Capacity: 8M
 Heap Initial Capacity: 126M
 Heap Max Capacity: 1992M
 Pre-touch: Disabled
 Parallel Workers: 4
 Concurrent Workers: 1
 Concurrent Refinement Workers: 4
 Periodic GC: Disabled
Heap:
 garbage-first heap   total 54272K, used 37852K [0x0000000083800000, 0x0000000100000000)
  region size 1024K, 15 young (15360K), 3 survivors (3072K)
 Metaspace       used 46763K, committed 47360K, reserved 1114112K
  class space    used 5283K, committed 5568K, reserved 1048576K
GC Heap History (20 events):
Event: 519.133 GC heap before
{Heap before GC invocations=215 (full 0):
 garbage-first heap   total 54272K, used 44592K [0x0000000083800000, 0x0000000100000000)
  region size 1024K, 22 young (22528K), 3 survivors (3072K)
 Metaspace       used 46623K, committed 47232K, reserved 1114112K
  class space    used 5264K, committed 5568K, reserved 1048576K
}
Event: 519.134 GC heap after
{Heap after GC invocations=216 (full 0):
 garbage-first heap   total 54272K, used 25873K [0x0000000083800000, 0x0000000100000000)
  region size 1024K, 2 young (2048K), 2 survivors (2048K)
 Metaspace       used 46623K, committed 47232K, reserved 1114112K
  class space    used 5264K, committed 5568K, reserved 1048576K
}
Event: 519.838 GC heap before
{Heap before GC invocations=216 (full 0):
 garbage-first heap   total 54272K, used 46353K [0x0000000083800000, 0x0000000100000000)
  region size 1024K, 23 young (23552K), 2 survivors (2048K)
 Metaspace       used 46623K, committed 47232K, reserved 1114112K
  class space    used 5264K, committed 5568K, reserved 1048576K
}
Event: 519.839 GC heap after
{Heap after GC invocations=217 (full 0):
 garbage-first heap   total 54272K, used 26090K [0x0000000083800000, 0x0000000100000000)
  region size 1024K, 2 young (2048K), 2 survivors (2048K)
 Metaspace       used 46623K, committed 47232K, reserved 1114112K
  class space    used 5264K, committed 5568K, reserved 1048576K
}
Event: 520.718 GC heap before
{Heap before GC invocations=217 (full 0):
 garbage-first heap   total 54272K, used 46570K [0x0000000083800000, 0x0000000100000000)
  region size 1024K, 23 young (23552K), 2 survivors (2048K)
 Metaspace       used 46623K, committed 47232K, reserved 1114112K
  class space    used 5264K, committed 5568K, reserved 1048576K
}
Event: 520.719 GC heap after
{Heap after GC invocations=218 (full 0):
 garbage-first heap   total 54272K, used 26208K [0x0000000083800000, 0x0000000100000000)
  region size 1024K, 3 young (3072K), 3 survivors (3072K)
 Metaspace       used 46623K, committed 47232K, reserved 1114112K
  class space    used 5264K, committed 5568K, reserved 1048576K
}
Event: 521.101 GC heap before
{Heap before GC invocations=218 (full 0):
 garbage-first heap   total 54272K, used 45664K [0x0000000083800000, 0x0000000100000000)
  region size 1024K, 22 young (22528K), 3 survivors (3072K)
 Metaspace       used 46623K, committed 47232K, reserved 1114112K
  class space    used 5264K, committed 5568K, reserved 1048576K
}
Event: 521.103 GC heap after
{Heap after GC invocations=219 (full 0):
 garbage-first heap   total 54272K, used 26144K [0x0000000083800000, 0x0000000100000000)
  region size 1024K, 3 young (3072K), 3 survivors (3072K)
 Metaspace       used 46623K, committed 47232K, reserved 1114112K
  class space    used 5264K, committed 5568K, reserved 1048576K
}
Event: 521.378 GC heap before
{Heap before GC invocations=219 (full 0):
 garbage-first heap   total 54272K, used 44576K [0x0000000083800000, 0x0000000100000000)
  region size 1024K, 22 young (22528K), 3 survivors (3072K)
 Metaspace       used 46623K, committed 47232K, reserved 1114112K
  class space    used 5264K, committed 5568K, reserved 1048576K
}
Event: 521.380 GC heap after
{Heap after GC invocations=220 (full 0):
 garbage-first heap   total 54272K, used 26141K [0x0000000083800000, 0x0000000100000000)
  region size 1024K, 2 young (2048K), 2 survivors (2048K)
 Metaspace       used 46623K, committed 47232K, reserved 1114112K
  class space    used 5264K, committed 5568K, reserved 1048576K
}
Event: 522.164 GC heap before
{Heap before GC invocations=220 (full 0):
 garbage-first heap   total 54272K, used 46621K [0x0000000083800000, 0x0000000100000000)
  region size 1024K, 23 young (23552K), 2 survivors (2048K)
 Metaspace       used 46623K, committed 47232K, reserved 1114112K
  class space    used 5264K, committed 5568K, reserved 1048576K
}
Event: 522.165 GC heap after
{Heap after GC invocations=221 (full 0):
 garbage-first heap   total 54272K, used 26426K [0x0000000083800000, 0x0000000100000000)
  region size 1024K, 3 young (3072K), 3 survivors (3072K)
 Metaspace       used 46623K, committed 47232K, reserved 1114112K
  class space    used 5264K, committed 5568K, reserved 1048576K
}
Event: 522.836 GC heap before
{Heap before GC invocations=221 (full 0):
 garbage-first heap   total 54272K, used 44858K [0x0000000083800000, 0x0000000100000000)
  region size 1024K, 22 young (22528K), 3 survivors (3072K)
 Metaspace       used 46623K, committed 47232K, reserved 1114112K
  class space    used 5264K, committed 5568K, reserved 1048576K
}
Event: 522.838 GC heap after
{Heap after GC invocations=222 (full 0):
 garbage-first heap   total 54272K, used 26196K [0x0000000083800000, 0x0000000100000000)
  region size 1024K, 2 young (2048K), 2 survivors (2048K)
 Metaspace       used 46623K, committed 47232K, reserved 1114112K
  class space    used 5264K, committed 5568K, reserved 1048576K
}
Event: 523.287 GC heap before
{Heap before GC invocations=222 (full 0):
 garbage-first heap   total 54272K, used 46676K [0x0000000083800000, 0x0000000100000000)
  region size 1024K, 23 young (23552K), 2 survivors (2048K)
 Metaspace       used 46623K, committed 47232K, reserved 1114112K
  class space    used 5264K, committed 5568K, reserved 1048576K
}
Event: 523.289 GC heap after
{Heap after GC invocations=223 (full 0):
 garbage-first heap   total 54272K, used 26585K [0x0000000083800000, 0x0000000100000000)
  region size 1024K, 3 young (3072K), 3 survivors (3072K)
 Metaspace       used 46623K, committed 47232K, reserved 1114112K
  class space    used 5264K, committed 5568K, reserved 1048576K
}
Event: 523.821 GC heap before
{Heap before GC invocations=223 (full 0):
 garbage-first heap   total 54272K, used 45017K [0x0000000083800000, 0x0000000100000000)
  region size 1024K, 22 young (22528K), 3 survivors (3072K)
 Metaspace       used 46623K, committed 47232K, reserved 1114112K
  class space    used 5264K, committed 5568K, reserved 1048576K
}
Event: 523.823 GC heap after
{Heap after GC invocations=224 (full 0):
 garbage-first heap   total 54272K, used 26384K [0x0000000083800000, 0x0000000100000000)
  region size 1024K, 2 young (2048K), 2 survivors (2048K)
 Metaspace       used 46623K, committed 47232K, reserved 1114112K
  class space    used 5264K, committed 5568K, reserved 1048576K
}
Event: 524.171 GC heap before
{Heap before GC invocations=224 (full 0):
 garbage-first heap   total 54272K, used 46864K [0x0000000083800000, 0x0000000100000000)
  region size 1024K, 23 young (23552K), 2 survivors (2048K)
 Metaspace       used 46670K, committed 47296K, reserved 1114112K
  class space    used 5265K, committed 5568K, reserved 1048576K
}
Event: 524.173 GC heap after
{Heap after GC invocations=225 (full 0):
 garbage-first heap   total 54272K, used 26588K [0x0000000083800000, 0x0000000100000000)
  region size 1024K, 3 young (3072K), 3 survivors (3072K)
 Metaspace       used 46670K, committed 47296K, reserved 1114112K
  class space    used 5265K, committed 5568K, reserved 1048576K
}

