# JRE version: Java(TM) SE Runtime Environment (21.0.4+8) (build 21.0.4+8-LTS-274)
# Java VM: Java HotSpot(TM) 64-Bit Server VM (21.0.4+8-LTS-274, mixed mode, sharing, tiered, compressed oops, compressed class ptrs, g1 gc, windows-amd64)
GC Precious Log:
 CardTable entry size: 512
 Card Set container configuration: InlinePtr #cards 5 size 8 Array Of Cards #cards 12 size 40 Howl #buckets 4 coarsen threshold 1843 Howl Bitmap #cards 512 size 80 coarsen threshold 460 Card regions per heap region 1 cards per card region 2048
 CPUs: 4 total, 4 available
 Memory: 7965M
 Large Page Support: Disabled
 NUMA Support: Disabled
 Compressed Oops: Enabled (32-bit)
 Heap Region Size: 1M
 Heap Min Capacity: 8M
 Heap Initial Capacity: 126M
 Heap Max Capacity: 1992M
 Pre-touch: Disabled
 Parallel Workers: 4
 Concurrent Workers: 1
 Concurrent Refinement Workers: 4
 Periodic GC: Disabled
Heap:
 garbage-first heap   total 46080K, used 26497K [0x0000000083800000, 0x0000000100000000)
  region size 1024K, 6 young (6144K), 2 survivors (2048K)
 Metaspace       used 46212K, committed 46848K, reserved 1114112K
  class space    used 5277K, committed 5568K, reserved 1048576K
GC Heap History (20 events):
Event: 20.134 GC heap before
{Heap before GC invocations=22 (full 0):
 garbage-first heap   total 45056K, used 38644K [0x0000000083800000, 0x0000000100000000)
  region size 1024K, 17 young (17408K), 2 survivors (2048K)
 Metaspace       used 45281K, committed 45952K, reserved 1114112K
  class space    used 5275K, committed 5568K, reserved 1048576K
}
Event: 20.142 GC heap after
{Heap after GC invocations=23 (full 0):
 garbage-first heap   total 45056K, used 23079K [0x0000000083800000, 0x0000000100000000)
  region size 1024K, 2 young (2048K), 2 survivors (2048K)
 Metaspace       used 45281K, committed 45952K, reserved 1114112K
  class space    used 5275K, committed 5568K, reserved 1048576K
}
Event: 20.981 GC heap before
{Heap before GC invocations=23 (full 0):
 garbage-first heap   total 45056K, used 38439K [0x0000000083800000, 0x0000000100000000)
  region size 1024K, 18 young (18432K), 2 survivors (2048K)
 Metaspace       used 45304K, committed 45952K, reserved 1114112K
  class space    used 5275K, committed 5568K, reserved 1048576K
}
Event: 20.986 GC heap after
{Heap after GC invocations=24 (full 0):
 garbage-first heap   total 45056K, used 23458K [0x0000000083800000, 0x0000000100000000)
  region size 1024K, 2 young (2048K), 2 survivors (2048K)
 Metaspace       used 45304K, committed 45952K, reserved 1114112K
  class space    used 5275K, committed 5568K, reserved 1048576K
}
Event: 21.535 GC heap before
{Heap before GC invocations=25 (full 0):
 garbage-first heap   total 45056K, used 38818K [0x0000000083800000, 0x0000000100000000)
  region size 1024K, 18 young (18432K), 2 survivors (2048K)
 Metaspace       used 45334K, committed 45952K, reserved 1114112K
  class space    used 5275K, committed 5568K, reserved 1048576K
}
Event: 21.537 GC heap after
{Heap after GC invocations=26 (full 0):
 garbage-first heap   total 45056K, used 23494K [0x0000000083800000, 0x0000000100000000)
  region size 1024K, 2 young (2048K), 2 survivors (2048K)
 Metaspace       used 45334K, committed 45952K, reserved 1114112K
  class space    used 5275K, committed 5568K, reserved 1048576K
}
Event: 22.078 GC heap before
{Heap before GC invocations=26 (full 0):
 garbage-first heap   total 45056K, used 37830K [0x0000000083800000, 0x0000000100000000)
  region size 1024K, 17 young (17408K), 2 survivors (2048K)
 Metaspace       used 46018K, committed 46656K, reserved 1114112K
  class space    used 5276K, committed 5568K, reserved 1048576K
}
Event: 22.080 GC heap after
{Heap after GC invocations=27 (full 0):
 garbage-first heap   total 45056K, used 23151K [0x0000000083800000, 0x0000000100000000)
  region size 1024K, 2 young (2048K), 2 survivors (2048K)
 Metaspace       used 46018K, committed 46656K, reserved 1114112K
  class space    used 5276K, committed 5568K, reserved 1048576K
}
Event: 22.686 GC heap before
{Heap before GC invocations=27 (full 0):
 garbage-first heap   total 45056K, used 38511K [0x0000000083800000, 0x0000000100000000)
  region size 1024K, 18 young (18432K), 2 survivors (2048K)
 Metaspace       used 46021K, committed 46656K, reserved 1114112K
  class space    used 5276K, committed 5568K, reserved 1048576K
}
Event: 22.691 GC heap after
{Heap after GC invocations=28 (full 0):
 garbage-first heap   total 45056K, used 23380K [0x0000000083800000, 0x0000000100000000)
  region size 1024K, 2 young (2048K), 2 survivors (2048K)
 Metaspace       used 46021K, committed 46656K, reserved 1114112K
  class space    used 5276K, committed 5568K, reserved 1048576K
}
Event: 23.299 GC heap before
{Heap before GC invocations=28 (full 0):
 garbage-first heap   total 45056K, used 39764K [0x0000000083800000, 0x0000000100000000)
  region size 1024K, 18 young (18432K), 2 survivors (2048K)
 Metaspace       used 46037K, committed 46656K, reserved 1114112K
  class space    used 5276K, committed 5568K, reserved 1048576K
}
Event: 23.301 GC heap after
{Heap after GC invocations=29 (full 0):
 garbage-first heap   total 45056K, used 23363K [0x0000000083800000, 0x0000000100000000)
  region size 1024K, 2 young (2048K), 2 survivors (2048K)
 Metaspace       used 46037K, committed 46656K, reserved 1114112K
  class space    used 5276K, committed 5568K, reserved 1048576K
}
Event: 23.704 GC heap before
{Heap before GC invocations=29 (full 0):
 garbage-first heap   total 45056K, used 37699K [0x0000000083800000, 0x0000000100000000)
  region size 1024K, 17 young (17408K), 2 survivors (2048K)
 Metaspace       used 46126K, committed 46784K, reserved 1114112K
  class space    used 5277K, committed 5568K, reserved 1048576K
}
Event: 23.706 GC heap after
{Heap after GC invocations=30 (full 0):
 garbage-first heap   total 45056K, used 23535K [0x0000000083800000, 0x0000000100000000)
  region size 1024K, 2 young (2048K), 2 survivors (2048K)
 Metaspace       used 46126K, committed 46784K, reserved 1114112K
  class space    used 5277K, committed 5568K, reserved 1048576K
}
Event: 24.087 GC heap before
{Heap before GC invocations=31 (full 0):
 garbage-first heap   total 46080K, used 37871K [0x0000000083800000, 0x0000000100000000)
  region size 1024K, 17 young (17408K), 2 survivors (2048K)
 Metaspace       used 46126K, committed 46784K, reserved 1114112K
  class space    used 5277K, committed 5568K, reserved 1048576K
}
Event: 24.089 GC heap after
{Heap after GC invocations=32 (full 0):
 garbage-first heap   total 46080K, used 23555K [0x0000000083800000, 0x0000000100000000)
  region size 1024K, 2 young (2048K), 2 survivors (2048K)
 Metaspace       used 46126K, committed 46784K, reserved 1114112K
  class space    used 5277K, committed 5568K, reserved 1048576K
}
Event: 24.398 GC heap before
{Heap before GC invocations=32 (full 0):
 garbage-first heap   total 46080K, used 38915K [0x0000000083800000, 0x0000000100000000)
  region size 1024K, 18 young (18432K), 2 survivors (2048K)
 Metaspace       used 46126K, committed 46784K, reserved 1114112K
  class space    used 5277K, committed 5568K, reserved 1048576K
}
Event: 24.402 GC heap after
{Heap after GC invocations=33 (full 0):
 garbage-first heap   total 46080K, used 22562K [0x0000000083800000, 0x0000000100000000)
  region size 1024K, 2 young (2048K), 2 survivors (2048K)
 Metaspace       used 46126K, committed 46784K, reserved 1114112K
  class space    used 5277K, committed 5568K, reserved 1048576K
}
Event: 24.989 GC heap before
{Heap before GC invocations=33 (full 0):
 garbage-first heap   total 46080K, used 38946K [0x0000000083800000, 0x0000000100000000)
  region size 1024K, 19 young (19456K), 2 survivors (2048K)
 Metaspace       used 46184K, committed 46848K, reserved 1114112K
  class space    used 5277K, committed 5568K, reserved 1048576K
}
Event: 24.991 GC heap after
{Heap after GC invocations=34 (full 0):
 garbage-first heap   total 46080K, used 22824K [0x0000000083800000, 0x0000000100000000)
  region size 1024K, 2 young (2048K), 2 survivors (2048K)
 Metaspace       used 46184K, committed 46848K, reserved 1114112K
  class space    used 5277K, committed 5568K, reserved 1048576K
}

